<?xml version="1.0" encoding="UTF-8"?>
<!-- Generated by org.testng.reporters.JUnitReportReporter -->
<testsuite hostname="Reoo" failures="0" tests="9" name="com.employee.AdvanceTestingTest" time="40.015" errors="0" timestamp="2026-07-16T16:30:53 IST" skipped="0">
  <testcase classname="com.employee.AdvanceTestingTest" name="testMultiUserLogin" time="2.185"/>
  <testcase classname="com.employee.AdvanceTestingTest" name="testMultiUserLogin" time="2.259"/>
  <testcase classname="com.employee.AdvanceTestingTest" name="test1AdminLogin" time="1.821"/>
  <testcase classname="com.employee.AdvanceTestingTest" name="test2EmployeeDirectorySearchAndFilter" time="6.418"/>
  <testcase classname="com.employee.AdvanceTestingTest" name="test3EmployeeFormValidationAndSubmission" time="4.703"/>
  <testcase classname="com.employee.AdvanceTestingTest" name="test4NavigationAndAccessControl" time="2.474"/>
  <testcase classname="com.employee.AdvanceTestingTest" name="test5AnnouncementsBoard" time="4.866"/>
  <testcase classname="com.employee.AdvanceTestingTest" name="test6AttendanceCalendarNavigationAndVerification" time="2.404"/>
  <testcase classname="com.employee.AdvanceTestingTest" name="test7PerformanceEvaluationUpdateAndSync" time="12.885"/>
</testsuite> <!-- com.employee.AdvanceTestingTest -->
