<?xml version="1.0" encoding="UTF-8"?>
<!-- Generated by org.testng.reporters.JUnitReportReporter -->
<testsuite hostname="Reoo" failures="0" tests="8" name="com.employee.AdvanceTestingTest" time="28.582" errors="0" timestamp="2026-07-16T16:09:12 IST" skipped="0">
  <testcase classname="com.employee.AdvanceTestingTest" name="testMultiUserLogin" time="1.853"/>
  <testcase classname="com.employee.AdvanceTestingTest" name="testMultiUserLogin" time="2.494"/>
  <testcase classname="com.employee.AdvanceTestingTest" name="test1AdminLogin" time="1.845"/>
  <testcase classname="com.employee.AdvanceTestingTest" name="test2EmployeeDirectorySearchAndFilter" time="6.256"/>
  <testcase classname="com.employee.AdvanceTestingTest" name="test3EmployeeFormValidationAndSubmission" time="5.982"/>
  <testcase classname="com.employee.AdvanceTestingTest" name="test4NavigationAndAccessControl" time="2.481"/>
  <testcase classname="com.employee.AdvanceTestingTest" name="test5AnnouncementsBoard" time="4.956"/>
  <testcase classname="com.employee.AdvanceTestingTest" name="test6AttendanceCalendarNavigationAndVerification" time="2.715"/>
</testsuite> <!-- com.employee.AdvanceTestingTest -->
