<?xml version="1.0" encoding="UTF-8"?>
<testsuite xmlns:xsi="http://www.w3.org/2001/XMLSchema-instance" xsi:noNamespaceSchemaLocation="https://maven.apache.org/surefire/maven-surefire-plugin/xsd/surefire-test-report.xsd" version="3.0.2" name="com.employee.LaunchBrowserTest" time="1.225" tests="1" errors="0" skipped="0" failures="0">
  <properties>
[...]
</properties>
  <testcase name="testLaunchBrowser" classname="com.employee.LaunchBrowserTest" time="1.223">
    <system-out><![CDATA[Browser launched successfully. Page title is: Google
]]></system-out>
    <system-err><![CDATA[Jul 16, 2026 12:54:18 PM org.openqa.selenium.devtools.CdpVersionFinder findNearestMatch
WARNING: Unable to find an exact match for CDP version 150, returning the closest version; found: 149; Please update to a Selenium version that supports CDP version 150
]]></system-err>
  </testcase>
</testsuite>