<?xml version="1.0" encoding="UTF-8"?>
<!-- Generated by org.testng.reporters.JUnitXMLReporter -->
<testsuite ignored="0" hostname="Reoo" failures="0" tests="11" name="Surefire test" time="41.797" errors="0" timestamp="2026-07-16T16:30:53 IST">
  <testcase classname="com.employee.AdvanceTestingTest" name="testMultiUserLogin" time="1.05"/>
  <testcase classname="com.employee.AdvanceTestingTest" name="testMultiUserLogin" time="1.55"/>
  <testcase classname="com.employee.AdvanceTestingTest" name="test1AdminLogin" time="1.061"/>
  <testcase classname="com.employee.AdvanceTestingTest" name="test2EmployeeDirectorySearchAndFilter" time="5.626"/>
  <testcase classname="com.employee.AdvanceTestingTest" name="test3EmployeeFormValidationAndSubmission" time="3.972"/>
  <testcase classname="com.employee.AdvanceTestingTest" name="test4NavigationAndAccessControl" time="1.683"/>
  <testcase classname="com.employee.AdvanceTestingTest" name="test5AnnouncementsBoard" time="4.142"/>
  <testcase classname="com.employee.AdvanceTestingTest" name="test6AttendanceCalendarNavigationAndVerification" time="1.633"/>
  <testcase classname="com.employee.AdvanceTestingTest" name="test7PerformanceEvaluationUpdateAndSync" time="12.115"/>
  <testcase classname="com.employee.automation.AppTest" name="testApp" time="0.003"/>
  <testcase classname="com.employee.LaunchBrowserTest" name="testLaunchBrowser" time="1.744"/>
</testsuite> <!-- Surefire test -->
