<?xml version="1.0" encoding="UTF-8"?>
<!-- Generated by org.testng.reporters.JUnitXMLReporter -->
<testsuite ignored="0" hostname="Reoo" failures="0" tests="10" name="Surefire test" time="29.859" errors="0" timestamp="2026-07-16T16:09:12 IST">
  <testcase classname="com.employee.AdvanceTestingTest" name="testMultiUserLogin" time="1.039"/>
  <testcase classname="com.employee.AdvanceTestingTest" name="testMultiUserLogin" time="1.556"/>
  <testcase classname="com.employee.AdvanceTestingTest" name="test1AdminLogin" time="1.044"/>
  <testcase classname="com.employee.AdvanceTestingTest" name="test2EmployeeDirectorySearchAndFilter" time="5.49"/>
  <testcase classname="com.employee.AdvanceTestingTest" name="test3EmployeeFormValidationAndSubmission" time="5.215"/>
  <testcase classname="com.employee.AdvanceTestingTest" name="test4NavigationAndAccessControl" time="1.767"/>
  <testcase classname="com.employee.AdvanceTestingTest" name="test5AnnouncementsBoard" time="4.154"/>
  <testcase classname="com.employee.AdvanceTestingTest" name="test6AttendanceCalendarNavigationAndVerification" time="1.641"/>
  <testcase classname="com.employee.automation.AppTest" name="testApp" time="0.001"/>
  <testcase classname="com.employee.LaunchBrowserTest" name="testLaunchBrowser" time="1.237"/>
</testsuite> <!-- Surefire test -->
